21-04-16 18:34: Automatic TCA migration done during bootstrap. Please adapt TCA accordingly, these migrations will be removed with TYPO3 CMS 8. The backend module "Configuration -> TCA" shows the modified values. Please adapt these areas:
Changed showitem string of TCA table "tx_dluserfiles_domain_model_userfiles" type "1" due to changed field "sys_language_uid".
Migrated TCA table "tx_dluserfiles_domain_model_userfiles" showitem field of type "1": Moved additional palette with name "1" as 3rd argument of field "hidden" to an own palette. The result of this part is: "hidden, --palette--;;1"
Migrated icon path of wizard "link" in field "button_link" from TCA table "tt_content". New path is: EXT:backend/Resources/Public/Images/FormFieldWizard/wizard_link.gif
[tt_content.columns.CType.config.items] i/ within the path (tt_content_header.gif) in items array is deprecated, use EXT: reference
[tx_dluserfiles_domain_model_userfiles.ctrl.iconfile] relative path to ../typo3conf/ext/ is deprecated, use EXT: instead
Reference to "wizard_element_browser" was migrated to new "wizard_link" for field "button_link" in TCA table "tt_content"
21-04-16 18:35: $GLOBALS["TBE_STYLES"]["logo_login"] is deprecated since TYPO3 CMS 7 and will be removed in TYPO3 CMS 8, please use the backend extension's configuration instead.
21-04-16 18:37: Automatic TCA migration done during bootstrap. Please adapt TCA accordingly, these migrations will be removed with TYPO3 CMS 8. The backend module "Configuration -> TCA" shows the modified values. Please adapt these areas:
Migrated icon path of wizard "link" in field "button_link" from TCA table "tt_content". New path is: EXT:backend/Resources/Public/Images/FormFieldWizard/wizard_link.gif
[tt_content.columns.CType.config.items] i/ within the path (tt_content_header.gif) in items array is deprecated, use EXT: reference
Reference to "wizard_element_browser" was migrated to new "wizard_link" for field "button_link" in TCA table "tt_content"
21-04-16 18:38: Automatic TCA migration done during bootstrap. Please adapt TCA accordingly, these migrations will be removed with TYPO3 CMS 8. The backend module "Configuration -> TCA" shows the modified values. Please adapt these areas:
Migrated icon path of wizard "link" in field "button_link" from TCA table "tt_content". New path is: EXT:backend/Resources/Public/Images/FormFieldWizard/wizard_link.gif
[tt_content.columns.CType.config.items] i/ within the path (tt_content_header.gif) in items array is deprecated, use EXT: reference
Reference to "wizard_element_browser" was migrated to new "wizard_link" for field "button_link" in TCA table "tt_content"
21-04-16 18:43: Automatic TCA migration done during bootstrap. Please adapt TCA accordingly, these migrations will be removed with TYPO3 CMS 8. The backend module "Configuration -> TCA" shows the modified values. Please adapt these areas:
Migrated icon path of wizard "link" in field "button_link" from TCA table "tt_content". New path is: EXT:backend/Resources/Public/Images/FormFieldWizard/wizard_link.gif
[tt_content.columns.CType.config.items] i/ within the path (tt_content_header.gif) in items array is deprecated, use EXT: reference
Reference to "wizard_element_browser" was migrated to new "wizard_link" for field "button_link" in TCA table "tt_content"
21-04-16 18:43: Automatic TCA migration done during bootstrap. Please adapt TCA accordingly, these migrations will be removed with TYPO3 CMS 8. The backend module "Configuration -> TCA" shows the modified values. Please adapt these areas:
Migrated icon path of wizard "link" in field "button_link" from TCA table "tt_content". New path is: EXT:backend/Resources/Public/Images/FormFieldWizard/wizard_link.gif
[tt_content.columns.CType.config.items] i/ within the path (tt_content_header.gif) in items array is deprecated, use EXT: reference
Reference to "wizard_element_browser" was migrated to new "wizard_link" for field "button_link" in TCA table "tt_content"
21-04-16 18:43: Automatic TCA migration done during bootstrap. Please adapt TCA accordingly, these migrations will be removed with TYPO3 CMS 8. The backend module "Configuration -> TCA" shows the modified values. Please adapt these areas:
Migrated icon path of wizard "link" in field "button_link" from TCA table "tt_content". New path is: EXT:backend/Resources/Public/Images/FormFieldWizard/wizard_link.gif
[tt_content.columns.CType.config.items] i/ within the path (tt_content_header.gif) in items array is deprecated, use EXT: reference
Reference to "wizard_element_browser" was migrated to new "wizard_link" for field "button_link" in TCA table "tt_content"
21-04-16 18:44: Automatic TCA migration done during bootstrap. Please adapt TCA accordingly, these migrations will be removed with TYPO3 CMS 8. The backend module "Configuration -> TCA" shows the modified values. Please adapt these areas:
Migrated icon path of wizard "link" in field "button_link" from TCA table "tt_content". New path is: EXT:backend/Resources/Public/Images/FormFieldWizard/wizard_link.gif
[tt_content.columns.CType.config.items] i/ within the path (tt_content_header.gif) in items array is deprecated, use EXT: reference
Reference to "wizard_element_browser" was migrated to new "wizard_link" for field "button_link" in TCA table "tt_content"
21-04-16 18:44: Automatic TCA migration done during bootstrap. Please adapt TCA accordingly, these migrations will be removed with TYPO3 CMS 8. The backend module "Configuration -> TCA" shows the modified values. Please adapt these areas:
Migrated icon path of wizard "link" in field "button_link" from TCA table "tt_content". New path is: EXT:backend/Resources/Public/Images/FormFieldWizard/wizard_link.gif
[tt_content.columns.CType.config.items] i/ within the path (tt_content_header.gif) in items array is deprecated, use EXT: reference
Reference to "wizard_element_browser" was migrated to new "wizard_link" for field "button_link" in TCA table "tt_content"
21-04-16 18:47: Automatic TCA migration done during bootstrap. Please adapt TCA accordingly, these migrations will be removed with TYPO3 CMS 8. The backend module "Configuration -> TCA" shows the modified values. Please adapt these areas:
Migrated icon path of wizard "link" in field "button_link" from TCA table "tt_content". New path is: EXT:backend/Resources/Public/Images/FormFieldWizard/wizard_link.gif
[tt_content.columns.CType.config.items] i/ within the path (tt_content_header.gif) in items array is deprecated, use EXT: reference
Reference to "wizard_element_browser" was migrated to new "wizard_link" for field "button_link" in TCA table "tt_content"
21-04-16 18:52: TYPO3\CMS\Core\Messaging\FlashMessage->render() - since TYPO3 CMS 7, will be removed in TYPO3 CMS 8 - call_user_func#21 // {closure}# // TYPO3\CMS\Backend\Http\Application->run#20 // TYPO3\CMS\Core\Core\Bootstrap->handleRequest#94 // TYPO3\CMS\Backend\Http\BackendModuleRequestHandler->handleRequest#302 // TYPO3\CMS\Backend\Http\BackendModuleRequestHandler->dispatchModule#92 // TYPO3\CMS\Core\Http\Dispatcher->dispatch#196 // call_user_func_array#41 // TYPO3\CMS\Recordlist\RecordList->mainAction# // TYPO3\CMS\Recordlist\RecordList->main#599 // TYPO3\CMS\Core\Messaging\FlashMessage->render#491 // TYPO3\CMS\Core\Utility\GeneralUtility::logDeprecatedFunction#118 (typo3_src-7.6.2/typo3/sysext/core/Classes/Messaging/FlashMessage.php#116)
21-04-16 18:53: Automatic TCA migration done during bootstrap. Please adapt TCA accordingly, these migrations will be removed with TYPO3 CMS 8. The backend module "Configuration -> TCA" shows the modified values. Please adapt these areas:
Migrated icon path of wizard "link" in field "button_link" from TCA table "tt_content". New path is: EXT:backend/Resources/Public/Images/FormFieldWizard/wizard_link.gif
[tt_content.columns.CType.config.items] i/ within the path (tt_content_header.gif) in items array is deprecated, use EXT: reference
Reference to "wizard_element_browser" was migrated to new "wizard_link" for field "button_link" in TCA table "tt_content"
21-04-16 18:54: Automatic TCA migration done during bootstrap. Please adapt TCA accordingly, these migrations will be removed with TYPO3 CMS 8. The backend module "Configuration -> TCA" shows the modified values. Please adapt these areas:
Migrated icon path of wizard "link" in field "button_link" from TCA table "tt_content". New path is: EXT:backend/Resources/Public/Images/FormFieldWizard/wizard_link.gif
[tt_content.columns.CType.config.items] i/ within the path (tt_content_header.gif) in items array is deprecated, use EXT: reference
Reference to "wizard_element_browser" was migrated to new "wizard_link" for field "button_link" in TCA table "tt_content"
21-04-16 18:54: TYPO3\CMS\Core\Locking\Locker->__construct() - since TYPO3 CMS 7, will be removed with TYPO3 CMS 8 - call_user_func#34 // {closure}# // TYPO3\CMS\Frontend\Http\Application->run#33 // TYPO3\CMS\Core\Core\Bootstrap->handleRequest#78 // TYPO3\CMS\Frontend\Http\RequestHandler->handleRequest#302 // TYPO3\CMS\Frontend\Controller\TypoScriptFrontendController->checkAlternativeIdMethods#138 // TYPO3\CMS\Core\Utility\GeneralUtility::callUserFunction#1177 // call_user_func_array#4347 // Tx\Realurl\Hooks\UrlRewritingHook->decodeSpURL# // Tx\Realurl\Hooks\UrlRewritingHook->setConfig#908 // Tx\Realurl\Configuration\ConfigurationGenerator->generateConfiguration#2198 // TYPO3\CMS\Core\Utility\GeneralUtility::makeInstance#59 // TYPO3\CMS\Core\Utility\GeneralUtility::instantiateClass#4486 // TYPO3\CMS\Core\Locking\Locker->__construct#4511 // TYPO3\CMS\Core\Utility\GeneralUtility::logDeprecatedFunction#96 (typo3_src-7.6.2/typo3/sysext/core/Classes/Locking/Locker.php#94)
21-04-16 18:56: Automatic TCA migration done during bootstrap. Please adapt TCA accordingly, these migrations will be removed with TYPO3 CMS 8. The backend module "Configuration -> TCA" shows the modified values. Please adapt these areas:
Migrated icon path of wizard "link" in field "button_link" from TCA table "tt_content". New path is: EXT:backend/Resources/Public/Images/FormFieldWizard/wizard_link.gif
[tt_content.columns.CType.config.items] i/ within the path (tt_content_header.gif) in items array is deprecated, use EXT: reference
Reference to "wizard_element_browser" was migrated to new "wizard_link" for field "button_link" in TCA table "tt_content"
21-04-16 18:57: TYPO3\CMS\Core\Utility\GeneralUtility::array_merge() - since TYPO3 CMS 7, will be removed in TYPO3 CMS 8  - native php '+' operator instead - call_user_func#34 // {closure}# // TYPO3\CMS\Frontend\Http\Application->run#33 // TYPO3\CMS\Core\Core\Bootstrap->handleRequest#78 // TYPO3\CMS\Frontend\Http\RequestHandler->handleRequest#302 // TYPO3\CMS\Frontend\Controller\TypoScriptFrontendController->checkAlternativeIdMethods#138 // TYPO3\CMS\Core\Utility\GeneralUtility::callUserFunction#1177 // call_user_func_array#4347 // Tx\Realurl\Hooks\UrlRewritingHook->decodeSpURL# // Tx\Realurl\Hooks\UrlRewritingHook->decodeSpURL_doDecode#1004 // Tx\Realurl\Hooks\UrlRewritingHook->decodeSpURL_idFromPath#1153 // TYPO3\CMS\Core\Utility\GeneralUtility::callUserFunction#1273 // call_user_func_array#4347 // Tx\Realurl\UriGeneratorAndResolver->main# // Tx\Realurl\UriGeneratorAndResolver->pagePathtoID#92 // Tx\Realurl\UriGeneratorAndResolver->findIDByURL#753 // Tx\Realurl\UriGeneratorAndResolver->findIDBySegment#775 // Tx\Realurl\UriGeneratorAndResolver->findPageBySegmentAndPid#941 // TYPO3\CMS\Core\Utility\GeneralUtility::array_merge#1112 // TYPO3\CMS\Core\Utility\GeneralUtility::logDeprecatedFunction#1773 (typo3_src-7.6.2/typo3/sysext/core/Classes/Utility/GeneralUtility.php#1771)
21-04-16 18:57: TYPO3\CMS\Core\Utility\GeneralUtility::array_merge() - since TYPO3 CMS 7, will be removed in TYPO3 CMS 8  - native php '+' operator instead - call_user_func#34 // {closure}# // TYPO3\CMS\Frontend\Http\Application->run#33 // TYPO3\CMS\Core\Core\Bootstrap->handleRequest#78 // TYPO3\CMS\Frontend\Http\RequestHandler->handleRequest#302 // TYPO3\CMS\Frontend\Controller\TypoScriptFrontendController->checkAlternativeIdMethods#138 // TYPO3\CMS\Core\Utility\GeneralUtility::callUserFunction#1177 // call_user_func_array#4347 // Tx\Realurl\Hooks\UrlRewritingHook->decodeSpURL# // Tx\Realurl\Hooks\UrlRewritingHook->decodeSpURL_doDecode#1004 // Tx\Realurl\Hooks\UrlRewritingHook->decodeSpURL_idFromPath#1153 // TYPO3\CMS\Core\Utility\GeneralUtility::callUserFunction#1273 // call_user_func_array#4347 // Tx\Realurl\UriGeneratorAndResolver->main# // Tx\Realurl\UriGeneratorAndResolver->pagePathtoID#92 // Tx\Realurl\UriGeneratorAndResolver->findIDByURL#753 // Tx\Realurl\UriGeneratorAndResolver->findIDBySegment#775 // Tx\Realurl\UriGeneratorAndResolver->findPageBySegmentAndPid#941 // TYPO3\CMS\Core\Utility\GeneralUtility::array_merge#1112 // TYPO3\CMS\Core\Utility\GeneralUtility::logDeprecatedFunction#1773 (typo3_src-7.6.2/typo3/sysext/core/Classes/Utility/GeneralUtility.php#1771)
21-04-16 18:57: TYPO3\CMS\Core\Utility\GeneralUtility::array_merge() - since TYPO3 CMS 7, will be removed in TYPO3 CMS 8  - native php '+' operator instead - call_user_func#34 // {closure}# // TYPO3\CMS\Frontend\Http\Application->run#33 // TYPO3\CMS\Core\Core\Bootstrap->handleRequest#78 // TYPO3\CMS\Frontend\Http\RequestHandler->handleRequest#302 // TYPO3\CMS\Frontend\Controller\TypoScriptFrontendController->checkAlternativeIdMethods#138 // TYPO3\CMS\Core\Utility\GeneralUtility::callUserFunction#1177 // call_user_func_array#4347 // Tx\Realurl\Hooks\UrlRewritingHook->decodeSpURL# // Tx\Realurl\Hooks\UrlRewritingHook->decodeSpURL_doDecode#1004 // Tx\Realurl\Hooks\UrlRewritingHook->decodeSpURL_idFromPath#1153 // TYPO3\CMS\Core\Utility\GeneralUtility::callUserFunction#1273 // call_user_func_array#4347 // Tx\Realurl\UriGeneratorAndResolver->main# // Tx\Realurl\UriGeneratorAndResolver->pagePathtoID#92 // Tx\Realurl\UriGeneratorAndResolver->findIDByURL#753 // Tx\Realurl\UriGeneratorAndResolver->findIDBySegment#775 // Tx\Realurl\UriGeneratorAndResolver->findPageBySegmentAndPid#941 // TYPO3\CMS\Core\Utility\GeneralUtility::array_merge#1112 // TYPO3\CMS\Core\Utility\GeneralUtility::logDeprecatedFunction#1773 (typo3_src-7.6.2/typo3/sysext/core/Classes/Utility/GeneralUtility.php#1771)
21-04-16 18:57: TYPO3\CMS\Core\Messaging\FlashMessage->render() - since TYPO3 CMS 7, will be removed in TYPO3 CMS 8 - call_user_func#21 // {closure}# // TYPO3\CMS\Backend\Http\Application->run#20 // TYPO3\CMS\Core\Core\Bootstrap->handleRequest#94 // TYPO3\CMS\Backend\Http\BackendModuleRequestHandler->handleRequest#302 // TYPO3\CMS\Backend\Http\BackendModuleRequestHandler->dispatchModule#92 // TYPO3\CMS\Core\Http\Dispatcher->dispatch#196 // call_user_func_array#41 // TYPO3\CMS\Recordlist\RecordList->mainAction# // TYPO3\CMS\Recordlist\RecordList->main#599 // TYPO3\CMS\Core\Messaging\FlashMessage->render#491 // TYPO3\CMS\Core\Utility\GeneralUtility::logDeprecatedFunction#118 (typo3_src-7.6.2/typo3/sysext/core/Classes/Messaging/FlashMessage.php#116)
21-04-16 18:59: TYPO3\CMS\Core\Messaging\FlashMessage->render() - since TYPO3 CMS 7, will be removed in TYPO3 CMS 8 - call_user_func#21 // {closure}# // TYPO3\CMS\Backend\Http\Application->run#20 // TYPO3\CMS\Core\Core\Bootstrap->handleRequest#94 // TYPO3\CMS\Backend\Http\BackendModuleRequestHandler->handleRequest#302 // TYPO3\CMS\Backend\Http\BackendModuleRequestHandler->dispatchModule#92 // TYPO3\CMS\Core\Http\Dispatcher->dispatch#196 // call_user_func_array#41 // TYPO3\CMS\Recordlist\RecordList->mainAction# // TYPO3\CMS\Recordlist\RecordList->main#599 // TYPO3\CMS\Core\Messaging\FlashMessage->render#491 // TYPO3\CMS\Core\Utility\GeneralUtility::logDeprecatedFunction#118 (typo3_src-7.6.2/typo3/sysext/core/Classes/Messaging/FlashMessage.php#116)
21-04-16 18:59: TYPO3\CMS\Core\Messaging\FlashMessage->render() - since TYPO3 CMS 7, will be removed in TYPO3 CMS 8 - call_user_func#21 // {closure}# // TYPO3\CMS\Backend\Http\Application->run#20 // TYPO3\CMS\Core\Core\Bootstrap->handleRequest#94 // TYPO3\CMS\Backend\Http\BackendModuleRequestHandler->handleRequest#302 // TYPO3\CMS\Backend\Http\BackendModuleRequestHandler->dispatchModule#92 // TYPO3\CMS\Core\Http\Dispatcher->dispatch#196 // call_user_func_array#41 // TYPO3\CMS\Recordlist\RecordList->mainAction# // TYPO3\CMS\Recordlist\RecordList->main#599 // TYPO3\CMS\Core\Messaging\FlashMessage->render#491 // TYPO3\CMS\Core\Utility\GeneralUtility::logDeprecatedFunction#118 (typo3_src-7.6.2/typo3/sysext/core/Classes/Messaging/FlashMessage.php#116)
